2023-07-07 07:52:53.647 [INFO ] c.a.E.EmployeeCompanyApplication - Starting EmployeeCompanyApplication using Java 17.0.7 with PID 8584 (C:\Users\Ayushi.Jain\IdeaProjects\Task1 - Updates\Task1 - JWT\target\classes started by Ayushi.Jain in C:\Users\Ayushi.Jain\IdeaProjects\Task1 - Updates\Task1 - JWT)
2023-07-07 07:52:53.651 [INFO ] c.a.E.EmployeeCompanyApplication - No active profile set, falling back to 1 default profile: "default"
2023-07-07 07:52:53.711 [INFO ] o.s.b.d.e.DevToolsPropertyDefaultsPostProcessor - Devtools property defaults active! Set 'spring.devtools.add-properties' to 'false' to disable
2023-07-07 07:52:53.712 [INFO ] o.s.b.d.e.DevToolsPropertyDefaultsPostProcessor - For additional web related logging consider setting the 'logging.level.web' property to 'DEBUG'
2023-07-07 07:52:54.589 [INFO ] o.s.d.r.c.RepositoryConfigurationDelegate - Bootstrapping Spring Data JPA repositories in DEFAULT mode.
2023-07-07 07:52:54.686 [INFO ] o.s.d.r.c.RepositoryConfigurationDelegate - Finished Spring Data repository scanning in 83 ms. Found 3 JPA repository interfaces.
2023-07-07 07:52:55.646 [INFO ] o.s.b.w.e.t.TomcatWebServer - Tomcat initialized with port(s): 8080 (http)
2023-07-07 07:52:55.658 [INFO ] o.a.c.c.StandardService - Starting service [Tomcat]
2023-07-07 07:52:55.659 [INFO ] o.a.c.c.StandardEngine - Starting Servlet engine: [Apache Tomcat/10.1.8]
2023-07-07 07:52:55.745 [INFO ] o.a.c.c.C.[.[.[/] - Initializing Spring embedded WebApplicationContext
2023-07-07 07:52:55.746 [INFO ] o.s.b.w.s.c.ServletWebServerApplicationContext - Root WebApplicationContext: initialization completed in 2034 ms
2023-07-07 07:52:55.922 [INFO ] o.h.j.i.u.LogHelper - HHH000204: Processing PersistenceUnitInfo [name: default]
2023-07-07 07:52:56.001 [INFO ] o.h.Version - HHH000412: Hibernate ORM core version 6.2.2.Final
2023-07-07 07:52:56.006 [INFO ] o.h.c.Environment - HHH000406: Using bytecode reflection optimizer
2023-07-07 07:52:56.183 [INFO ] o.h.b.i.BytecodeProviderInitiator - HHH000021: Bytecode provider name : bytebuddy
2023-07-07 07:52:56.362 [INFO ] o.s.o.j.p.SpringPersistenceUnitInfo - No LoadTimeWeaver setup: ignoring JPA class transformer
2023-07-07 07:52:56.384 [INFO ] c.z.h.HikariDataSource - testdb - Starting...
2023-07-07 07:52:56.724 [INFO ] c.z.h.p.HikariPool - testdb - Added connection com.mysql.cj.jdbc.ConnectionImpl@c6ece5a
2023-07-07 07:52:56.726 [INFO ] c.z.h.HikariDataSource - testdb - Start completed.
2023-07-07 07:52:56.804 [INFO ] o.h.orm.dialect - HHH035001: Using dialect: org.hibernate.dialect.MySQLDialect, version: 8.0.33
2023-07-07 07:52:57.116 [INFO ] o.h.b.i.BytecodeProviderInitiator - HHH000021: Bytecode provider name : bytebuddy
2023-07-07 07:52:57.955 [INFO ] o.h.e.t.j.p.i.JtaPlatformInitiator - HHH000490: Using JtaPlatform implementation: [org.hibernate.engine.transaction.jta.platform.internal.NoJtaPlatform]
2023-07-07 07:52:58.031 [INFO ] o.s.o.j.LocalContainerEntityManagerFactoryBean - Initialized JPA EntityManagerFactory for persistence unit 'default'
2023-07-07 07:52:58.912 [INFO ] o.s.s.w.DefaultSecurityFilterChain - Will secure any request with [org.springframework.security.web.session.DisableEncodeUrlFilter@3074c8c6, org.springframework.security.web.context.request.async.WebAsyncManagerIntegrationFilter@5dbefa1b, org.springframework.security.web.context.SecurityContextHolderFilter@11a44d0d, org.springframework.security.web.header.HeaderWriterFilter@78c54905, org.springframework.security.web.authentication.logout.LogoutFilter@6b7605ca, com.assignment.EmployeeCompany.config.JwtFilter@7fc3f2cd, org.springframework.security.web.savedrequest.RequestCacheAwareFilter@13b57d3a, org.springframework.security.web.servletapi.SecurityContextHolderAwareRequestFilter@1507ed9e, org.springframework.security.web.authentication.AnonymousAuthenticationFilter@7bcce072, org.springframework.security.web.session.SessionManagementFilter@4a249626, org.springframework.security.web.access.ExceptionTranslationFilter@12fda9c5, org.springframework.security.web.access.intercept.FilterSecurityInterceptor@65b6b68a]
2023-07-07 07:52:59.160 [INFO ] o.s.b.d.a.OptionalLiveReloadServer - LiveReload server is running on port 35729
2023-07-07 07:52:59.200 [INFO ] o.s.b.w.e.t.TomcatWebServer - Tomcat started on port(s): 8080 (http) with context path ''
2023-07-07 07:52:59.210 [INFO ] c.a.E.EmployeeCompanyApplication - Started EmployeeCompanyApplication in 6.115 seconds (process running for 6.669)
2023-07-07 07:53:08.845 [INFO ] o.a.c.c.C.[.[.[/] - Initializing Spring DispatcherServlet 'dispatcherServlet'
2023-07-07 07:53:08.845 [INFO ] o.s.w.s.DispatcherServlet - Initializing Servlet 'dispatcherServlet'
2023-07-07 07:53:08.846 [INFO ] o.s.w.s.DispatcherServlet - Completed initialization in 1 ms
2023-07-07 07:53:17.333 [ERROR] o.a.c.c.C.[.[.[.[dispatcherServlet] - Servlet.service() for servlet [dispatcherServlet] in context with path [] threw exception [Request processing failed: java.lang.Exception: Invalid username/password] with root cause
java.lang.Exception: Invalid username/password
	at com.assignment.EmployeeCompany.controller.UserController.generateJwtToken(UserController.java:57)
	at java.base/jdk.internal.reflect.NativeMethodAccessorImpl.invoke0(Native Method)
	at java.base/jdk.internal.reflect.NativeMethodAccessorImpl.invoke(NativeMethodAccessorImpl.java:77)
	at java.base/jdk.internal.reflect.DelegatingMethodAccessorImpl.invoke(DelegatingMethodAccessorImpl.java:43)
	at java.base/java.lang.reflect.Method.invoke(Method.java:568)
	at org.springframework.web.method.support.InvocableHandlerMethod.doInvoke(InvocableHandlerMethod.java:207)
	at org.springframework.web.method.support.InvocableHandlerMethod.invokeForRequest(InvocableHandlerMethod.java:152)
	at org.springframework.web.servlet.mvc.method.annotation.ServletInvocableHandlerMethod.invokeAndHandle(ServletInvocableHandlerMethod.java:118)
	at org.springframework.web.servlet.mvc.method.annotation.RequestMappingHandlerAdapter.invokeHandlerMethod(RequestMappingHandlerAdapter.java:884)
	at org.springframework.web.servlet.mvc.method.annotation.RequestMappingHandlerAdapter.handleInternal(RequestMappingHandlerAdapter.java:797)
	at org.springframework.web.servlet.mvc.method.AbstractHandlerMethodAdapter.handle(AbstractHandlerMethodAdapter.java:87)
	at org.springframework.web.servlet.DispatcherServlet.doDispatch(DispatcherServlet.java:1081)
	at org.springframework.web.servlet.DispatcherServlet.doService(DispatcherServlet.java:974)
	at org.springframework.web.servlet.FrameworkServlet.processRequest(FrameworkServlet.java:1011)
	at org.springframework.web.servlet.FrameworkServlet.doPost(FrameworkServlet.java:914)
	at jakarta.servlet.http.HttpServlet.service(HttpServlet.java:590)
	at org.springframework.web.servlet.FrameworkServlet.service(FrameworkServlet.java:885)
	at jakarta.servlet.http.HttpServlet.service(HttpServlet.java:658)
	at org.apache.catalina.core.ApplicationFilterChain.internalDoFilter(ApplicationFilterChain.java:205)
	at org.apache.catalina.core.ApplicationFilterChain.doFilter(ApplicationFilterChain.java:149)
	at org.apache.tomcat.websocket.server.WsFilter.doFilter(WsFilter.java:51)
	at org.apache.catalina.core.ApplicationFilterChain.internalDoFilter(ApplicationFilterChain.java:174)
	at org.apache.catalina.core.ApplicationFilterChain.doFilter(ApplicationFilterChain.java:149)
	at org.springframework.web.filter.OncePerRequestFilter.doFilter(OncePerRequestFilter.java:110)
	at org.apache.catalina.core.ApplicationFilterChain.internalDoFilter(ApplicationFilterChain.java:174)
	at org.apache.catalina.core.ApplicationFilterChain.doFilter(ApplicationFilterChain.java:149)
	at org.springframework.security.web.FilterChainProxy.lambda$doFilterInternal$3(FilterChainProxy.java:231)
	at org.springframework.security.web.FilterChainProxy$VirtualFilterChain.doFilter(FilterChainProxy.java:365)
	at org.springframework.security.web.access.intercept.FilterSecurityInterceptor.invoke(FilterSecurityInterceptor.java:117)
	at org.springframework.security.web.access.intercept.FilterSecurityInterceptor.doFilter(FilterSecurityInterceptor.java:83)
	at org.springframework.security.web.FilterChainProxy$VirtualFilterChain.doFilter(FilterChainProxy.java:374)
	at org.springframework.security.web.access.ExceptionTranslationFilter.doFilter(ExceptionTranslationFilter.java:126)
	at org.springframework.security.web.access.ExceptionTranslationFilter.doFilter(ExceptionTranslationFilter.java:120)
	at org.springframework.security.web.FilterChainProxy$VirtualFilterChain.doFilter(FilterChainProxy.java:374)
	at org.springframework.security.web.session.SessionManagementFilter.doFilter(SessionManagementFilter.java:131)
	at org.springframework.security.web.session.SessionManagementFilter.doFilter(SessionManagementFilter.java:85)
	at org.springframework.security.web.FilterChainProxy$VirtualFilterChain.doFilter(FilterChainProxy.java:374)
	at org.springframework.security.web.authentication.AnonymousAuthenticationFilter.doFilter(AnonymousAuthenticationFilter.java:100)
	at org.springframework.security.web.FilterChainProxy$VirtualFilterChain.doFilter(FilterChainProxy.java:374)
	at org.springframework.security.web.servletapi.SecurityContextHolderAwareRequestFilter.doFilter(SecurityContextHolderAwareRequestFilter.java:179)
	at org.springframework.security.web.FilterChainProxy$VirtualFilterChain.doFilter(FilterChainProxy.java:374)
	at org.springframework.security.web.savedrequest.RequestCacheAwareFilter.doFilter(RequestCacheAwareFilter.java:63)
	at org.springframework.security.web.FilterChainProxy$VirtualFilterChain.doFilter(FilterChainProxy.java:374)
	at com.assignment.EmployeeCompany.config.JwtFilter.doFilterInternal(JwtFilter.java:65)
	at org.springframework.web.filter.OncePerRequestFilter.doFilter(OncePerRequestFilter.java:116)
	at org.springframework.security.web.FilterChainProxy$VirtualFilterChain.doFilter(FilterChainProxy.java:374)
	at org.springframework.security.web.authentication.logout.LogoutFilter.doFilter(LogoutFilter.java:107)
	at org.springframework.security.web.authentication.logout.LogoutFilter.doFilter(LogoutFilter.java:93)
	at org.springframework.security.web.FilterChainProxy$VirtualFilterChain.doFilter(FilterChainProxy.java:374)
	at org.springframework.security.web.header.HeaderWriterFilter.doHeadersAfter(HeaderWriterFilter.java:90)
	at org.springframework.security.web.header.HeaderWriterFilter.doFilterInternal(HeaderWriterFilter.java:75)
	at org.springframework.web.filter.OncePerRequestFilter.doFilter(OncePerRequestFilter.java:116)
	at org.springframework.security.web.FilterChainProxy$VirtualFilterChain.doFilter(FilterChainProxy.java:374)
	at org.springframework.security.web.context.SecurityContextHolderFilter.doFilter(SecurityContextHolderFilter.java:82)
	at org.springframework.security.web.context.SecurityContextHolderFilter.doFilter(SecurityContextHolderFilter.java:69)
	at org.springframework.security.web.FilterChainProxy$VirtualFilterChain.doFilter(FilterChainProxy.java:374)
	at org.springframework.security.web.context.request.async.WebAsyncManagerIntegrationFilter.doFilterInternal(WebAsyncManagerIntegrationFilter.java:62)
	at org.springframework.web.filter.OncePerRequestFilter.doFilter(OncePerRequestFilter.java:116)
	at org.springframework.security.web.FilterChainProxy$VirtualFilterChain.doFilter(FilterChainProxy.java:374)
	at org.springframework.security.web.session.DisableEncodeUrlFilter.doFilterInternal(DisableEncodeUrlFilter.java:42)
	at org.springframework.web.filter.OncePerRequestFilter.doFilter(OncePerRequestFilter.java:116)
	at org.springframework.security.web.FilterChainProxy$VirtualFilterChain.doFilter(FilterChainProxy.java:374)
	at org.springframework.security.web.FilterChainProxy.doFilterInternal(FilterChainProxy.java:233)
	at org.springframework.security.web.FilterChainProxy.doFilter(FilterChainProxy.java:191)
	at org.springframework.web.filter.DelegatingFilterProxy.invokeDelegate(DelegatingFilterProxy.java:352)
	at org.springframework.web.filter.DelegatingFilterProxy.doFilter(DelegatingFilterProxy.java:268)
	at org.apache.catalina.core.ApplicationFilterChain.internalDoFilter(ApplicationFilterChain.java:174)
	at org.apache.catalina.core.ApplicationFilterChain.doFilter(ApplicationFilterChain.java:149)
	at org.springframework.web.filter.RequestContextFilter.doFilterInternal(RequestContextFilter.java:100)
	at org.springframework.web.filter.OncePerRequestFilter.doFilter(OncePerRequestFilter.java:116)
	at org.apache.catalina.core.ApplicationFilterChain.internalDoFilter(ApplicationFilterChain.java:174)
	at org.apache.catalina.core.ApplicationFilterChain.doFilter(ApplicationFilterChain.java:149)
	at org.springframework.web.filter.FormContentFilter.doFilterInternal(FormContentFilter.java:93)
	at org.springframework.web.filter.OncePerRequestFilter.doFilter(OncePerRequestFilter.java:116)
	at org.apache.catalina.core.ApplicationFilterChain.internalDoFilter(ApplicationFilterChain.java:174)
	at org.apache.catalina.core.ApplicationFilterChain.doFilter(ApplicationFilterChain.java:149)
	at org.springframework.web.filter.CharacterEncodingFilter.doFilterInternal(CharacterEncodingFilter.java:201)
	at org.springframework.web.filter.OncePerRequestFilter.doFilter(OncePerRequestFilter.java:116)
	at org.apache.catalina.core.ApplicationFilterChain.internalDoFilter(ApplicationFilterChain.java:174)
	at org.apache.catalina.core.ApplicationFilterChain.doFilter(ApplicationFilterChain.java:149)
	at org.apache.catalina.core.StandardWrapperValve.invoke(StandardWrapperValve.java:166)
	at org.apache.catalina.core.StandardContextValve.invoke(StandardContextValve.java:90)
	at org.apache.catalina.authenticator.AuthenticatorBase.invoke(AuthenticatorBase.java:482)
	at org.apache.catalina.core.StandardHostValve.invoke(StandardHostValve.java:115)
	at org.apache.catalina.valves.ErrorReportValve.invoke(ErrorReportValve.java:93)
	at org.apache.catalina.core.StandardEngineValve.invoke(StandardEngineValve.java:74)
	at org.apache.catalina.connector.CoyoteAdapter.service(CoyoteAdapter.java:341)
	at org.apache.coyote.http11.Http11Processor.service(Http11Processor.java:390)
	at org.apache.coyote.AbstractProcessorLight.process(AbstractProcessorLight.java:63)
	at org.apache.coyote.AbstractProtocol$ConnectionHandler.process(AbstractProtocol.java:894)
	at org.apache.tomcat.util.net.NioEndpoint$SocketProcessor.doRun(NioEndpoint.java:1741)
	at org.apache.tomcat.util.net.SocketProcessorBase.run(SocketProcessorBase.java:52)
	at org.apache.tomcat.util.threads.ThreadPoolExecutor.runWorker(ThreadPoolExecutor.java:1191)
	at org.apache.tomcat.util.threads.ThreadPoolExecutor$Worker.run(ThreadPoolExecutor.java:659)
	at org.apache.tomcat.util.threads.TaskThread$WrappingRunnable.run(TaskThread.java:61)
	at java.base/java.lang.Thread.run(Thread.java:833)
2023-07-07 07:53:24.249 [ERROR] o.a.c.c.C.[.[.[.[dispatcherServlet] - Servlet.service() for servlet [dispatcherServlet] in context with path [] threw exception [Request processing failed: java.lang.Exception: Invalid username/password] with root cause
java.lang.Exception: Invalid username/password
	at com.assignment.EmployeeCompany.controller.UserController.generateJwtToken(UserController.java:57)
	at java.base/jdk.internal.reflect.NativeMethodAccessorImpl.invoke0(Native Method)
	at java.base/jdk.internal.reflect.NativeMethodAccessorImpl.invoke(NativeMethodAccessorImpl.java:77)
	at java.base/jdk.internal.reflect.DelegatingMethodAccessorImpl.invoke(DelegatingMethodAccessorImpl.java:43)
	at java.base/java.lang.reflect.Method.invoke(Method.java:568)
	at org.springframework.web.method.support.InvocableHandlerMethod.doInvoke(InvocableHandlerMethod.java:207)
	at org.springframework.web.method.support.InvocableHandlerMethod.invokeForRequest(InvocableHandlerMethod.java:152)
	at org.springframework.web.servlet.mvc.method.annotation.ServletInvocableHandlerMethod.invokeAndHandle(ServletInvocableHandlerMethod.java:118)
	at org.springframework.web.servlet.mvc.method.annotation.RequestMappingHandlerAdapter.invokeHandlerMethod(RequestMappingHandlerAdapter.java:884)
	at org.springframework.web.servlet.mvc.method.annotation.RequestMappingHandlerAdapter.handleInternal(RequestMappingHandlerAdapter.java:797)
	at org.springframework.web.servlet.mvc.method.AbstractHandlerMethodAdapter.handle(AbstractHandlerMethodAdapter.java:87)
	at org.springframework.web.servlet.DispatcherServlet.doDispatch(DispatcherServlet.java:1081)
	at org.springframework.web.servlet.DispatcherServlet.doService(DispatcherServlet.java:974)
	at org.springframework.web.servlet.FrameworkServlet.processRequest(FrameworkServlet.java:1011)
	at org.springframework.web.servlet.FrameworkServlet.doPost(FrameworkServlet.java:914)
	at jakarta.servlet.http.HttpServlet.service(HttpServlet.java:590)
	at org.springframework.web.servlet.FrameworkServlet.service(FrameworkServlet.java:885)
	at jakarta.servlet.http.HttpServlet.service(HttpServlet.java:658)
	at org.apache.catalina.core.ApplicationFilterChain.internalDoFilter(ApplicationFilterChain.java:205)
	at org.apache.catalina.core.ApplicationFilterChain.doFilter(ApplicationFilterChain.java:149)
	at org.apache.tomcat.websocket.server.WsFilter.doFilter(WsFilter.java:51)
	at org.apache.catalina.core.ApplicationFilterChain.internalDoFilter(ApplicationFilterChain.java:174)
	at org.apache.catalina.core.ApplicationFilterChain.doFilter(ApplicationFilterChain.java:149)
	at org.springframework.web.filter.OncePerRequestFilter.doFilter(OncePerRequestFilter.java:110)
	at org.apache.catalina.core.ApplicationFilterChain.internalDoFilter(ApplicationFilterChain.java:174)
	at org.apache.catalina.core.ApplicationFilterChain.doFilter(ApplicationFilterChain.java:149)
	at org.springframework.security.web.FilterChainProxy.lambda$doFilterInternal$3(FilterChainProxy.java:231)
	at org.springframework.security.web.FilterChainProxy$VirtualFilterChain.doFilter(FilterChainProxy.java:365)
	at org.springframework.security.web.access.intercept.FilterSecurityInterceptor.invoke(FilterSecurityInterceptor.java:117)
	at org.springframework.security.web.access.intercept.FilterSecurityInterceptor.doFilter(FilterSecurityInterceptor.java:83)
	at org.springframework.security.web.FilterChainProxy$VirtualFilterChain.doFilter(FilterChainProxy.java:374)
	at org.springframework.security.web.access.ExceptionTranslationFilter.doFilter(ExceptionTranslationFilter.java:126)
	at org.springframework.security.web.access.ExceptionTranslationFilter.doFilter(ExceptionTranslationFilter.java:120)
	at org.springframework.security.web.FilterChainProxy$VirtualFilterChain.doFilter(FilterChainProxy.java:374)
	at org.springframework.security.web.session.SessionManagementFilter.doFilter(SessionManagementFilter.java:131)
	at org.springframework.security.web.session.SessionManagementFilter.doFilter(SessionManagementFilter.java:85)
	at org.springframework.security.web.FilterChainProxy$VirtualFilterChain.doFilter(FilterChainProxy.java:374)
	at org.springframework.security.web.authentication.AnonymousAuthenticationFilter.doFilter(AnonymousAuthenticationFilter.java:100)
	at org.springframework.security.web.FilterChainProxy$VirtualFilterChain.doFilter(FilterChainProxy.java:374)
	at org.springframework.security.web.servletapi.SecurityContextHolderAwareRequestFilter.doFilter(SecurityContextHolderAwareRequestFilter.java:179)
	at org.springframework.security.web.FilterChainProxy$VirtualFilterChain.doFilter(FilterChainProxy.java:374)
	at org.springframework.security.web.savedrequest.RequestCacheAwareFilter.doFilter(RequestCacheAwareFilter.java:63)
	at org.springframework.security.web.FilterChainProxy$VirtualFilterChain.doFilter(FilterChainProxy.java:374)
	at com.assignment.EmployeeCompany.config.JwtFilter.doFilterInternal(JwtFilter.java:65)
	at org.springframework.web.filter.OncePerRequestFilter.doFilter(OncePerRequestFilter.java:116)
	at org.springframework.security.web.FilterChainProxy$VirtualFilterChain.doFilter(FilterChainProxy.java:374)
	at org.springframework.security.web.authentication.logout.LogoutFilter.doFilter(LogoutFilter.java:107)
	at org.springframework.security.web.authentication.logout.LogoutFilter.doFilter(LogoutFilter.java:93)
	at org.springframework.security.web.FilterChainProxy$VirtualFilterChain.doFilter(FilterChainProxy.java:374)
	at org.springframework.security.web.header.HeaderWriterFilter.doHeadersAfter(HeaderWriterFilter.java:90)
	at org.springframework.security.web.header.HeaderWriterFilter.doFilterInternal(HeaderWriterFilter.java:75)
	at org.springframework.web.filter.OncePerRequestFilter.doFilter(OncePerRequestFilter.java:116)
	at org.springframework.security.web.FilterChainProxy$VirtualFilterChain.doFilter(FilterChainProxy.java:374)
	at org.springframework.security.web.context.SecurityContextHolderFilter.doFilter(SecurityContextHolderFilter.java:82)
	at org.springframework.security.web.context.SecurityContextHolderFilter.doFilter(SecurityContextHolderFilter.java:69)
	at org.springframework.security.web.FilterChainProxy$VirtualFilterChain.doFilter(FilterChainProxy.java:374)
	at org.springframework.security.web.context.request.async.WebAsyncManagerIntegrationFilter.doFilterInternal(WebAsyncManagerIntegrationFilter.java:62)
	at org.springframework.web.filter.OncePerRequestFilter.doFilter(OncePerRequestFilter.java:116)
	at org.springframework.security.web.FilterChainProxy$VirtualFilterChain.doFilter(FilterChainProxy.java:374)
	at org.springframework.security.web.session.DisableEncodeUrlFilter.doFilterInternal(DisableEncodeUrlFilter.java:42)
	at org.springframework.web.filter.OncePerRequestFilter.doFilter(OncePerRequestFilter.java:116)
	at org.springframework.security.web.FilterChainProxy$VirtualFilterChain.doFilter(FilterChainProxy.java:374)
	at org.springframework.security.web.FilterChainProxy.doFilterInternal(FilterChainProxy.java:233)
	at org.springframework.security.web.FilterChainProxy.doFilter(FilterChainProxy.java:191)
	at org.springframework.web.filter.DelegatingFilterProxy.invokeDelegate(DelegatingFilterProxy.java:352)
	at org.springframework.web.filter.DelegatingFilterProxy.doFilter(DelegatingFilterProxy.java:268)
	at org.apache.catalina.core.ApplicationFilterChain.internalDoFilter(ApplicationFilterChain.java:174)
	at org.apache.catalina.core.ApplicationFilterChain.doFilter(ApplicationFilterChain.java:149)
	at org.springframework.web.filter.RequestContextFilter.doFilterInternal(RequestContextFilter.java:100)
	at org.springframework.web.filter.OncePerRequestFilter.doFilter(OncePerRequestFilter.java:116)
	at org.apache.catalina.core.ApplicationFilterChain.internalDoFilter(ApplicationFilterChain.java:174)
	at org.apache.catalina.core.ApplicationFilterChain.doFilter(ApplicationFilterChain.java:149)
	at org.springframework.web.filter.FormContentFilter.doFilterInternal(FormContentFilter.java:93)
	at org.springframework.web.filter.OncePerRequestFilter.doFilter(OncePerRequestFilter.java:116)
	at org.apache.catalina.core.ApplicationFilterChain.internalDoFilter(ApplicationFilterChain.java:174)
	at org.apache.catalina.core.ApplicationFilterChain.doFilter(ApplicationFilterChain.java:149)
	at org.springframework.web.filter.CharacterEncodingFilter.doFilterInternal(CharacterEncodingFilter.java:201)
	at org.springframework.web.filter.OncePerRequestFilter.doFilter(OncePerRequestFilter.java:116)
	at org.apache.catalina.core.ApplicationFilterChain.internalDoFilter(ApplicationFilterChain.java:174)
	at org.apache.catalina.core.ApplicationFilterChain.doFilter(ApplicationFilterChain.java:149)
	at org.apache.catalina.core.StandardWrapperValve.invoke(StandardWrapperValve.java:166)
	at org.apache.catalina.core.StandardContextValve.invoke(StandardContextValve.java:90)
	at org.apache.catalina.authenticator.AuthenticatorBase.invoke(AuthenticatorBase.java:482)
	at org.apache.catalina.core.StandardHostValve.invoke(StandardHostValve.java:115)
	at org.apache.catalina.valves.ErrorReportValve.invoke(ErrorReportValve.java:93)
	at org.apache.catalina.core.StandardEngineValve.invoke(StandardEngineValve.java:74)
	at org.apache.catalina.connector.CoyoteAdapter.service(CoyoteAdapter.java:341)
	at org.apache.coyote.http11.Http11Processor.service(Http11Processor.java:390)
	at org.apache.coyote.AbstractProcessorLight.process(AbstractProcessorLight.java:63)
	at org.apache.coyote.AbstractProtocol$ConnectionHandler.process(AbstractProtocol.java:894)
	at org.apache.tomcat.util.net.NioEndpoint$SocketProcessor.doRun(NioEndpoint.java:1741)
	at org.apache.tomcat.util.net.SocketProcessorBase.run(SocketProcessorBase.java:52)
	at org.apache.tomcat.util.threads.ThreadPoolExecutor.runWorker(ThreadPoolExecutor.java:1191)
	at org.apache.tomcat.util.threads.ThreadPoolExecutor$Worker.run(ThreadPoolExecutor.java:659)
	at org.apache.tomcat.util.threads.TaskThread$WrappingRunnable.run(TaskThread.java:61)
	at java.base/java.lang.Thread.run(Thread.java:833)
2023-07-07 07:54:38.855 [INFO ] o.s.b.d.a.LocalDevToolsAutoConfiguration$RestartingClassPathChangeChangedEventListener - Restarting due to 1 class path change (0 additions, 1 deletion, 0 modifications)
2023-07-07 07:54:38.874 [INFO ] o.a.c.c.StandardService - Stopping service [Tomcat]
2023-07-07 07:54:38.876 [INFO ] o.a.c.c.C.[.[.[/] - Destroying Spring FrameworkServlet 'dispatcherServlet'
2023-07-07 07:54:38.879 [WARN ] o.a.c.l.WebappClassLoaderBase - The web application [ROOT] appears to have started a thread named [testdb housekeeper] but has failed to stop it. This is very likely to create a memory leak. Stack trace of thread:
 java.base@17.0.7/jdk.internal.misc.Unsafe.park(Native Method)
 java.base@17.0.7/java.util.concurrent.locks.LockSupport.parkNanos(LockSupport.java:252)
 java.base@17.0.7/java.util.concurrent.locks.AbstractQueuedSynchronizer$ConditionObject.awaitNanos(AbstractQueuedSynchronizer.java:1672)
 java.base@17.0.7/java.util.concurrent.ScheduledThreadPoolExecutor$DelayedWorkQueue.take(ScheduledThreadPoolExecutor.java:1182)
 java.base@17.0.7/java.util.concurrent.ScheduledThreadPoolExecutor$DelayedWorkQueue.take(ScheduledThreadPoolExecutor.java:899)
 java.base@17.0.7/java.util.concurrent.ThreadPoolExecutor.getTask(ThreadPoolExecutor.java:1062)
 java.base@17.0.7/java.util.concurrent.ThreadPoolExecutor.runWorker(ThreadPoolExecutor.java:1122)
 java.base@17.0.7/java.util.concurrent.ThreadPoolExecutor$Worker.run(ThreadPoolExecutor.java:635)
 java.base@17.0.7/java.lang.Thread.run(Thread.java:833)
2023-07-07 07:54:38.884 [INFO ] o.s.o.j.LocalContainerEntityManagerFactoryBean - Closing JPA EntityManagerFactory for persistence unit 'default'
2023-07-07 07:54:38.888 [INFO ] c.z.h.HikariDataSource - testdb - Shutdown initiated...
2023-07-07 07:54:38.899 [INFO ] c.z.h.HikariDataSource - testdb - Shutdown completed.
2023-07-07 07:54:39.017 [INFO ] c.a.E.EmployeeCompanyApplication - Starting EmployeeCompanyApplication using Java 17.0.7 with PID 8584 (C:\Users\Ayushi.Jain\IdeaProjects\Task1 - Updates\Task1 - JWT\target\classes started by Ayushi.Jain in C:\Users\Ayushi.Jain\IdeaProjects\Task1 - Updates\Task1 - JWT)
2023-07-07 07:54:39.018 [INFO ] c.a.E.EmployeeCompanyApplication - No active profile set, falling back to 1 default profile: "default"
2023-07-07 07:54:39.361 [INFO ] o.s.d.r.c.RepositoryConfigurationDelegate - Bootstrapping Spring Data JPA repositories in DEFAULT mode.
2023-07-07 07:54:39.389 [INFO ] o.s.d.r.c.RepositoryConfigurationDelegate - Finished Spring Data repository scanning in 27 ms. Found 3 JPA repository interfaces.
2023-07-07 07:54:39.555 [INFO ] o.s.b.w.e.t.TomcatWebServer - Tomcat initialized with port(s): 8080 (http)
2023-07-07 07:54:39.556 [INFO ] o.a.c.c.StandardService - Starting service [Tomcat]
2023-07-07 07:54:39.556 [INFO ] o.a.c.c.StandardEngine - Starting Servlet engine: [Apache Tomcat/10.1.8]
2023-07-07 07:54:39.648 [INFO ] o.a.c.c.C.[.[.[/] - Initializing Spring embedded WebApplicationContext
2023-07-07 07:54:39.649 [INFO ] o.s.b.w.s.c.ServletWebServerApplicationContext - Root WebApplicationContext: initialization completed in 628 ms
2023-07-07 07:54:39.706 [INFO ] o.h.j.i.u.LogHelper - HHH000204: Processing PersistenceUnitInfo [name: default]
2023-07-07 07:54:39.717 [INFO ] o.h.b.i.BytecodeProviderInitiator - HHH000021: Bytecode provider name : bytebuddy
2023-07-07 07:54:39.718 [INFO ] o.s.o.j.p.SpringPersistenceUnitInfo - No LoadTimeWeaver setup: ignoring JPA class transformer
2023-07-07 07:54:39.718 [INFO ] c.z.h.HikariDataSource - testdb - Starting...
2023-07-07 07:54:39.737 [INFO ] c.z.h.p.HikariPool - testdb - Added connection com.mysql.cj.jdbc.ConnectionImpl@e5a6ec4
2023-07-07 07:54:39.738 [INFO ] c.z.h.HikariDataSource - testdb - Start completed.
2023-07-07 07:54:39.740 [INFO ] o.h.orm.dialect - HHH035001: Using dialect: org.hibernate.dialect.MySQLDialect, version: 8.0.33
2023-07-07 07:54:39.760 [INFO ] o.h.b.i.BytecodeProviderInitiator - HHH000021: Bytecode provider name : bytebuddy
2023-07-07 07:54:39.834 [INFO ] o.h.e.t.j.p.i.JtaPlatformInitiator - HHH000490: Using JtaPlatform implementation: [org.hibernate.engine.transaction.jta.platform.internal.NoJtaPlatform]
2023-07-07 07:54:39.880 [INFO ] o.s.o.j.LocalContainerEntityManagerFactoryBean - Initialized JPA EntityManagerFactory for persistence unit 'default'
2023-07-07 07:54:40.153 [INFO ] o.s.s.w.DefaultSecurityFilterChain - Will secure any request with [org.springframework.security.web.session.DisableEncodeUrlFilter@5c42ac47, org.springframework.security.web.context.request.async.WebAsyncManagerIntegrationFilter@40711ae2, org.springframework.security.web.context.SecurityContextHolderFilter@64e199de, org.springframework.security.web.header.HeaderWriterFilter@2183b775, org.springframework.security.web.authentication.logout.LogoutFilter@24cd3a3c, com.assignment.EmployeeCompany.config.JwtFilter@373899a7, org.springframework.security.web.savedrequest.RequestCacheAwareFilter@7daf0762, org.springframework.security.web.servletapi.SecurityContextHolderAwareRequestFilter@41ab2fbd, org.springframework.security.web.authentication.AnonymousAuthenticationFilter@2c50cf41, org.springframework.security.web.session.SessionManagementFilter@55db1eec, org.springframework.security.web.access.ExceptionTranslationFilter@5e38ede5, org.springframework.security.web.access.intercept.FilterSecurityInterceptor@3f20b7d]
2023-07-07 07:54:40.218 [INFO ] o.s.b.d.a.OptionalLiveReloadServer - LiveReload server is running on port 35729
2023-07-07 07:54:40.230 [INFO ] o.s.b.w.e.t.TomcatWebServer - Tomcat started on port(s): 8080 (http) with context path ''
2023-07-07 07:54:40.234 [INFO ] c.a.E.EmployeeCompanyApplication - Started EmployeeCompanyApplication in 1.26 seconds (process running for 107.69)
2023-07-07 07:54:40.237 [INFO ] o.s.b.d.a.ConditionEvaluationDeltaLoggingListener - Condition evaluation unchanged
2023-07-07 07:55:04.466 [INFO ] o.s.o.j.LocalContainerEntityManagerFactoryBean - Closing JPA EntityManagerFactory for persistence unit 'default'
2023-07-07 07:55:04.467 [INFO ] c.z.h.HikariDataSource - testdb - Shutdown initiated...
2023-07-07 07:55:04.473 [INFO ] c.z.h.HikariDataSource - testdb - Shutdown completed.
2023-07-07 07:55:14.487 [INFO ] c.a.E.EmployeeCompanyApplication - Starting EmployeeCompanyApplication using Java 17.0.7 with PID 2764 (C:\Users\Ayushi.Jain\IdeaProjects\Task1 - Updates\Task1 - JWT\target\classes started by Ayushi.Jain in C:\Users\Ayushi.Jain\IdeaProjects\Task1 - Updates\Task1 - JWT)
2023-07-07 07:55:14.489 [INFO ] c.a.E.EmployeeCompanyApplication - No active profile set, falling back to 1 default profile: "default"
2023-07-07 07:55:14.549 [INFO ] o.s.b.d.e.DevToolsPropertyDefaultsPostProcessor - Devtools property defaults active! Set 'spring.devtools.add-properties' to 'false' to disable
2023-07-07 07:55:14.549 [INFO ] o.s.b.d.e.DevToolsPropertyDefaultsPostProcessor - For additional web related logging consider setting the 'logging.level.web' property to 'DEBUG'
2023-07-07 07:55:15.498 [INFO ] o.s.d.r.c.RepositoryConfigurationDelegate - Bootstrapping Spring Data JPA repositories in DEFAULT mode.
2023-07-07 07:55:15.586 [INFO ] o.s.d.r.c.RepositoryConfigurationDelegate - Finished Spring Data repository scanning in 73 ms. Found 3 JPA repository interfaces.
2023-07-07 07:55:16.457 [INFO ] o.s.b.w.e.t.TomcatWebServer - Tomcat initialized with port(s): 8080 (http)
2023-07-07 07:55:16.468 [INFO ] o.a.c.c.StandardService - Starting service [Tomcat]
2023-07-07 07:55:16.468 [INFO ] o.a.c.c.StandardEngine - Starting Servlet engine: [Apache Tomcat/10.1.8]
2023-07-07 07:55:16.541 [INFO ] o.a.c.c.C.[.[.[/] - Initializing Spring embedded WebApplicationContext
2023-07-07 07:55:16.542 [INFO ] o.s.b.w.s.c.ServletWebServerApplicationContext - Root WebApplicationContext: initialization completed in 1991 ms
2023-07-07 07:55:16.751 [INFO ] o.h.j.i.u.LogHelper - HHH000204: Processing PersistenceUnitInfo [name: default]
2023-07-07 07:55:16.839 [INFO ] o.h.Version - HHH000412: Hibernate ORM core version 6.2.2.Final
2023-07-07 07:55:16.845 [INFO ] o.h.c.Environment - HHH000406: Using bytecode reflection optimizer
2023-07-07 07:55:16.998 [INFO ] o.h.b.i.BytecodeProviderInitiator - HHH000021: Bytecode provider name : bytebuddy
2023-07-07 07:55:17.158 [INFO ] o.s.o.j.p.SpringPersistenceUnitInfo - No LoadTimeWeaver setup: ignoring JPA class transformer
2023-07-07 07:55:17.175 [INFO ] c.z.h.HikariDataSource - testdb - Starting...
2023-07-07 07:55:17.524 [INFO ] c.z.h.p.HikariPool - testdb - Added connection com.mysql.cj.jdbc.ConnectionImpl@7b737c80
2023-07-07 07:55:17.527 [INFO ] c.z.h.HikariDataSource - testdb - Start completed.
2023-07-07 07:55:17.603 [INFO ] o.h.orm.dialect - HHH035001: Using dialect: org.hibernate.dialect.MySQLDialect, version: 8.0.33
2023-07-07 07:55:17.920 [INFO ] o.h.b.i.BytecodeProviderInitiator - HHH000021: Bytecode provider name : bytebuddy
2023-07-07 07:55:18.764 [INFO ] o.h.e.t.j.p.i.JtaPlatformInitiator - HHH000490: Using JtaPlatform implementation: [org.hibernate.engine.transaction.jta.platform.internal.NoJtaPlatform]
2023-07-07 07:55:18.850 [INFO ] o.s.o.j.LocalContainerEntityManagerFactoryBean - Initialized JPA EntityManagerFactory for persistence unit 'default'
2023-07-07 07:55:19.859 [INFO ] o.s.s.w.DefaultSecurityFilterChain - Will secure any request with [org.springframework.security.web.session.DisableEncodeUrlFilter@2612a0bd, org.springframework.security.web.context.request.async.WebAsyncManagerIntegrationFilter@c911196, org.springframework.security.web.context.SecurityContextHolderFilter@77585eaa, org.springframework.security.web.header.HeaderWriterFilter@1de0a946, org.springframework.security.web.authentication.logout.LogoutFilter@296567e5, com.assignment.EmployeeCompany.config.JwtFilter@2ffa684c, org.springframework.security.web.savedrequest.RequestCacheAwareFilter@78836314, org.springframework.security.web.servletapi.SecurityContextHolderAwareRequestFilter@7f385a30, org.springframework.security.web.authentication.AnonymousAuthenticationFilter@62de54cc, org.springframework.security.web.session.SessionManagementFilter@780f25bb, org.springframework.security.web.access.ExceptionTranslationFilter@a2d3dd0, org.springframework.security.web.access.intercept.FilterSecurityInterceptor@28f7d71d]
2023-07-07 07:55:20.125 [INFO ] o.s.b.d.a.OptionalLiveReloadServer - LiveReload server is running on port 35729
2023-07-07 07:55:20.168 [INFO ] o.s.b.w.e.t.TomcatWebServer - Tomcat started on port(s): 8080 (http) with context path ''
2023-07-07 07:55:20.184 [INFO ] c.a.E.EmployeeCompanyApplication - Started EmployeeCompanyApplication in 6.225 seconds (process running for 6.802)
2023-07-07 07:55:25.340 [INFO ] o.a.c.c.C.[.[.[/] - Initializing Spring DispatcherServlet 'dispatcherServlet'
2023-07-07 07:55:25.342 [INFO ] o.s.w.s.DispatcherServlet - Initializing Servlet 'dispatcherServlet'
2023-07-07 07:55:25.344 [INFO ] o.s.w.s.DispatcherServlet - Completed initialization in 1 ms
2023-07-07 07:56:56.823 [INFO ] o.s.o.j.LocalContainerEntityManagerFactoryBean - Closing JPA EntityManagerFactory for persistence unit 'default'
2023-07-07 07:56:56.826 [INFO ] c.z.h.HikariDataSource - testdb - Shutdown initiated...
2023-07-07 07:56:56.837 [INFO ] c.z.h.HikariDataSource - testdb - Shutdown completed.
2023-07-07 07:57:00.621 [INFO ] c.a.E.EmployeeCompanyApplication - Starting EmployeeCompanyApplication using Java 17.0.7 with PID 18396 (C:\Users\Ayushi.Jain\IdeaProjects\Task1 - Updates\Task1 - JWT\target\classes started by Ayushi.Jain in C:\Users\Ayushi.Jain\IdeaProjects\Task1 - Updates\Task1 - JWT)
2023-07-07 07:57:00.624 [DEBUG] c.a.E.EmployeeCompanyApplication - Running with Spring Boot v3.1.0, Spring v6.0.9
2023-07-07 07:57:00.626 [INFO ] c.a.E.EmployeeCompanyApplication - No active profile set, falling back to 1 default profile: "default"
2023-07-07 07:57:00.694 [INFO ] o.s.b.d.e.DevToolsPropertyDefaultsPostProcessor - Devtools property defaults active! Set 'spring.devtools.add-properties' to 'false' to disable
2023-07-07 07:57:00.695 [INFO ] o.s.b.d.e.DevToolsPropertyDefaultsPostProcessor - For additional web related logging consider setting the 'logging.level.web' property to 'DEBUG'
2023-07-07 07:57:01.692 [INFO ] o.s.d.r.c.RepositoryConfigurationDelegate - Bootstrapping Spring Data JPA repositories in DEFAULT mode.
2023-07-07 07:57:01.813 [INFO ] o.s.d.r.c.RepositoryConfigurationDelegate - Finished Spring Data repository scanning in 109 ms. Found 3 JPA repository interfaces.
2023-07-07 07:57:02.787 [INFO ] o.s.b.w.e.t.TomcatWebServer - Tomcat initialized with port(s): 8080 (http)
2023-07-07 07:57:02.801 [INFO ] o.a.c.c.StandardService - Starting service [Tomcat]
2023-07-07 07:57:02.802 [INFO ] o.a.c.c.StandardEngine - Starting Servlet engine: [Apache Tomcat/10.1.8]
2023-07-07 07:57:02.885 [INFO ] o.a.c.c.C.[.[.[/] - Initializing Spring embedded WebApplicationContext
2023-07-07 07:57:02.885 [INFO ] o.s.b.w.s.c.ServletWebServerApplicationContext - Root WebApplicationContext: initialization completed in 2190 ms
2023-07-07 07:57:03.044 [INFO ] o.h.j.i.u.LogHelper - HHH000204: Processing PersistenceUnitInfo [name: default]
2023-07-07 07:57:03.111 [INFO ] o.h.Version - HHH000412: Hibernate ORM core version 6.2.2.Final
2023-07-07 07:57:03.113 [INFO ] o.h.c.Environment - HHH000406: Using bytecode reflection optimizer
2023-07-07 07:57:03.265 [INFO ] o.h.b.i.BytecodeProviderInitiator - HHH000021: Bytecode provider name : bytebuddy
2023-07-07 07:57:03.438 [INFO ] o.s.o.j.p.SpringPersistenceUnitInfo - No LoadTimeWeaver setup: ignoring JPA class transformer
2023-07-07 07:57:03.455 [INFO ] c.z.h.HikariDataSource - testdb - Starting...
2023-07-07 07:57:03.800 [INFO ] c.z.h.p.HikariPool - testdb - Added connection com.mysql.cj.jdbc.ConnectionImpl@f8a3100
2023-07-07 07:57:03.802 [INFO ] c.z.h.HikariDataSource - testdb - Start completed.
2023-07-07 07:57:03.876 [INFO ] o.h.orm.dialect - HHH035001: Using dialect: org.hibernate.dialect.MySQLDialect, version: 8.0.33
2023-07-07 07:57:04.200 [INFO ] o.h.b.i.BytecodeProviderInitiator - HHH000021: Bytecode provider name : bytebuddy
2023-07-07 07:57:05.017 [INFO ] o.h.e.t.j.p.i.JtaPlatformInitiator - HHH000490: Using JtaPlatform implementation: [org.hibernate.engine.transaction.jta.platform.internal.NoJtaPlatform]
2023-07-07 07:57:05.100 [INFO ] o.s.o.j.LocalContainerEntityManagerFactoryBean - Initialized JPA EntityManagerFactory for persistence unit 'default'
2023-07-07 07:57:05.559 [DEBUG] c.a.E.c.JwtFilter - Filter 'jwtFilter' configured for use
2023-07-07 07:57:06.071 [INFO ] o.s.s.w.DefaultSecurityFilterChain - Will secure any request with [org.springframework.security.web.session.DisableEncodeUrlFilter@15adf029, org.springframework.security.web.context.request.async.WebAsyncManagerIntegrationFilter@7223e493, org.springframework.security.web.context.SecurityContextHolderFilter@2f6d658c, org.springframework.security.web.header.HeaderWriterFilter@390c9270, org.springframework.security.web.authentication.logout.LogoutFilter@6f59e3c9, com.assignment.EmployeeCompany.config.JwtFilter@77ac6739, org.springframework.security.web.savedrequest.RequestCacheAwareFilter@7cbd51d8, org.springframework.security.web.servletapi.SecurityContextHolderAwareRequestFilter@7c77314c, org.springframework.security.web.authentication.AnonymousAuthenticationFilter@5a1dd44, org.springframework.security.web.session.SessionManagementFilter@1a95fcbb, org.springframework.security.web.access.ExceptionTranslationFilter@326925bc, org.springframework.security.web.access.intercept.FilterSecurityInterceptor@5690d81e]
2023-07-07 07:57:06.285 [INFO ] o.s.b.d.a.OptionalLiveReloadServer - LiveReload server is running on port 35729
2023-07-07 07:57:06.318 [INFO ] o.s.b.w.e.t.TomcatWebServer - Tomcat started on port(s): 8080 (http) with context path ''
2023-07-07 07:57:06.328 [INFO ] c.a.E.EmployeeCompanyApplication - Started EmployeeCompanyApplication in 6.331 seconds (process running for 6.912)
2023-07-07 07:57:19.980 [INFO ] o.a.c.c.C.[.[.[/] - Initializing Spring DispatcherServlet 'dispatcherServlet'
2023-07-07 07:57:19.980 [INFO ] o.s.w.s.DispatcherServlet - Initializing Servlet 'dispatcherServlet'
2023-07-07 07:57:19.982 [INFO ] o.s.w.s.DispatcherServlet - Completed initialization in 1 ms
2023-07-07 07:57:20.047 [ERROR] c.a.E.c.JwtFilter - An error occurred during JWT authentication: JWT expired at 2023-07-07T07:56:35Z. Current time: 2023-07-07T07:57:20Z, a difference of 45047 milliseconds.  Allowed clock skew: 0 milliseconds.
2023-07-07 07:57:20.049 [ERROR] o.a.c.c.C.[.[.[.[dispatcherServlet] - Servlet.service() for servlet [dispatcherServlet] in context with path [] threw exception
com.assignment.EmployeeCompany.exception.CustomException: An error occurred during JWT authentication: {}JWT expired at 2023-07-07T07:56:35Z. Current time: 2023-07-07T07:57:20Z, a difference of 45047 milliseconds.  Allowed clock skew: 0 milliseconds.
	at com.assignment.EmployeeCompany.config.JwtFilter.doFilterInternal(JwtFilter.java:62)
	at org.springframework.web.filter.OncePerRequestFilter.doFilter(OncePerRequestFilter.java:116)
	at org.springframework.security.web.FilterChainProxy$VirtualFilterChain.doFilter(FilterChainProxy.java:374)
	at org.springframework.security.web.authentication.logout.LogoutFilter.doFilter(LogoutFilter.java:107)
	at org.springframework.security.web.authentication.logout.LogoutFilter.doFilter(LogoutFilter.java:93)
	at org.springframework.security.web.FilterChainProxy$VirtualFilterChain.doFilter(FilterChainProxy.java:374)
	at org.springframework.security.web.header.HeaderWriterFilter.doHeadersAfter(HeaderWriterFilter.java:90)
	at org.springframework.security.web.header.HeaderWriterFilter.doFilterInternal(HeaderWriterFilter.java:75)
	at org.springframework.web.filter.OncePerRequestFilter.doFilter(OncePerRequestFilter.java:116)
	at org.springframework.security.web.FilterChainProxy$VirtualFilterChain.doFilter(FilterChainProxy.java:374)
	at org.springframework.security.web.context.SecurityContextHolderFilter.doFilter(SecurityContextHolderFilter.java:82)
	at org.springframework.security.web.context.SecurityContextHolderFilter.doFilter(SecurityContextHolderFilter.java:69)
	at org.springframework.security.web.FilterChainProxy$VirtualFilterChain.doFilter(FilterChainProxy.java:374)
	at org.springframework.security.web.context.request.async.WebAsyncManagerIntegrationFilter.doFilterInternal(WebAsyncManagerIntegrationFilter.java:62)
	at org.springframework.web.filter.OncePerRequestFilter.doFilter(OncePerRequestFilter.java:116)
	at org.springframework.security.web.FilterChainProxy$VirtualFilterChain.doFilter(FilterChainProxy.java:374)
	at org.springframework.security.web.session.DisableEncodeUrlFilter.doFilterInternal(DisableEncodeUrlFilter.java:42)
	at org.springframework.web.filter.OncePerRequestFilter.doFilter(OncePerRequestFilter.java:116)
	at org.springframework.security.web.FilterChainProxy$VirtualFilterChain.doFilter(FilterChainProxy.java:374)
	at org.springframework.security.web.FilterChainProxy.doFilterInternal(FilterChainProxy.java:233)
	at org.springframework.security.web.FilterChainProxy.doFilter(FilterChainProxy.java:191)
	at org.springframework.web.filter.DelegatingFilterProxy.invokeDelegate(DelegatingFilterProxy.java:352)
	at org.springframework.web.filter.DelegatingFilterProxy.doFilter(DelegatingFilterProxy.java:268)
	at org.apache.catalina.core.ApplicationFilterChain.internalDoFilter(ApplicationFilterChain.java:174)
	at org.apache.catalina.core.ApplicationFilterChain.doFilter(ApplicationFilterChain.java:149)
	at org.springframework.web.filter.RequestContextFilter.doFilterInternal(RequestContextFilter.java:100)
	at org.springframework.web.filter.OncePerRequestFilter.doFilter(OncePerRequestFilter.java:116)
	at org.apache.catalina.core.ApplicationFilterChain.internalDoFilter(ApplicationFilterChain.java:174)
	at org.apache.catalina.core.ApplicationFilterChain.doFilter(ApplicationFilterChain.java:149)
	at org.springframework.web.filter.FormContentFilter.doFilterInternal(FormContentFilter.java:93)
	at org.springframework.web.filter.OncePerRequestFilter.doFilter(OncePerRequestFilter.java:116)
	at org.apache.catalina.core.ApplicationFilterChain.internalDoFilter(ApplicationFilterChain.java:174)
	at org.apache.catalina.core.ApplicationFilterChain.doFilter(ApplicationFilterChain.java:149)
	at org.springframework.web.filter.CharacterEncodingFilter.doFilterInternal(CharacterEncodingFilter.java:201)
	at org.springframework.web.filter.OncePerRequestFilter.doFilter(OncePerRequestFilter.java:116)
	at org.apache.catalina.core.ApplicationFilterChain.internalDoFilter(ApplicationFilterChain.java:174)
	at org.apache.catalina.core.ApplicationFilterChain.doFilter(ApplicationFilterChain.java:149)
	at org.apache.catalina.core.StandardWrapperValve.invoke(StandardWrapperValve.java:166)
	at org.apache.catalina.core.StandardContextValve.invoke(StandardContextValve.java:90)
	at org.apache.catalina.authenticator.AuthenticatorBase.invoke(AuthenticatorBase.java:482)
	at org.apache.catalina.core.StandardHostValve.invoke(StandardHostValve.java:115)
	at org.apache.catalina.valves.ErrorReportValve.invoke(ErrorReportValve.java:93)
	at org.apache.catalina.core.StandardEngineValve.invoke(StandardEngineValve.java:74)
	at org.apache.catalina.connector.CoyoteAdapter.service(CoyoteAdapter.java:341)
	at org.apache.coyote.http11.Http11Processor.service(Http11Processor.java:390)
	at org.apache.coyote.AbstractProcessorLight.process(AbstractProcessorLight.java:63)
	at org.apache.coyote.AbstractProtocol$ConnectionHandler.process(AbstractProtocol.java:894)
	at org.apache.tomcat.util.net.NioEndpoint$SocketProcessor.doRun(NioEndpoint.java:1741)
	at org.apache.tomcat.util.net.SocketProcessorBase.run(SocketProcessorBase.java:52)
	at org.apache.tomcat.util.threads.ThreadPoolExecutor.runWorker(ThreadPoolExecutor.java:1191)
	at org.apache.tomcat.util.threads.ThreadPoolExecutor$Worker.run(ThreadPoolExecutor.java:659)
	at org.apache.tomcat.util.threads.TaskThread$WrappingRunnable.run(TaskThread.java:61)
	at java.base/java.lang.Thread.run(Thread.java:833)
2023-07-07 07:58:35.973 [TRACE] c.a.E.c.JwtGeneratorValidator - Generated JWT token for user 'userr'
2023-07-07 07:58:57.482 [INFO ] o.s.o.j.LocalContainerEntityManagerFactoryBean - Closing JPA EntityManagerFactory for persistence unit 'default'
2023-07-07 07:58:57.488 [INFO ] c.z.h.HikariDataSource - testdb - Shutdown initiated...
2023-07-07 07:58:57.500 [INFO ] c.z.h.HikariDataSource - testdb - Shutdown completed.
